<?xml version="1.0" encoding="UTF-8"?>
<!-- Generated by org.testng.reporters.JUnitXMLReporter -->
<testsuite hostname="NDI-LAP-094" failures="2" tests="3" name="Test" time="8.096" errors="0" timestamp="10 Feb 2022 09:11:46 GMT">
  <testcase classname="project.LoginPage" name="basePageNavigation" time="0.226"/>
  <testcase classname="project.HomePage" name="addticart" time="3.365">
    <failure type="java.lang.NullPointerException" message="Cannot invoke &amp;quot;org.openqa.selenium.WebDriver.findElement(org.openqa.selenium.By)&amp;quot; because &amp;quot;this.driver&amp;quot; is null">
      <![CDATA[java.lang.NullPointerException: Cannot invoke "org.openqa.selenium.WebDriver.findElement(org.openqa.selenium.By)" because "this.driver" is null
	at pageObjects.LandingPage.getLoginusername(LandingPage.java:42)
	at project.HomePage.addticart(HomePage.java:18)
... Removed 24 stack frames]]>
    </failure>
  </testcase> <!-- addticart -->
  <testcase classname="project.HomePage" name="addtocartitems" time="0.003">
    <failure type="java.lang.NullPointerException" message="Cannot invoke &amp;quot;org.openqa.selenium.WebDriver.findElement(org.openqa.selenium.By)&amp;quot; because &amp;quot;this.driver&amp;quot; is null">
      <![CDATA[java.lang.NullPointerException: Cannot invoke "org.openqa.selenium.WebDriver.findElement(org.openqa.selenium.By)" because "this.driver" is null
	at pageObjects.LandingPage.addcartitem1(LandingPage.java:59)
	at project.HomePage.addtocartitems(HomePage.java:29)
... Removed 24 stack frames]]>
    </failure>
  </testcase> <!-- addtocartitems -->
</testsuite> <!-- Test -->
