<?xml version="1.0" encoding="UTF-8"?>
<testng-results total="1" passed="1" failed="0" skipped="0">
  <reporter-output>
  </reporter-output>
  <suite started-at="2022-02-10T16:50:34Z" name="Default suite" finished-at="2022-02-10T16:50:40Z" duration-ms="6351">
    <groups>
    </groups>
    <test started-at="2022-02-10T16:50:34Z" name="Default test" finished-at="2022-02-10T16:50:40Z" duration-ms="6351">
      <class name="project.LoginPage">
        <test-method is-config="true" signature="initial()[pri:0, instance:project.LoginPage@327af41b]" started-at="2022-02-10T22:20:34Z" name="initial" finished-at="2022-02-10T22:20:40Z" duration-ms="5787" status="PASS">
          <reporter-output>
          </reporter-output>
        </test-method> <!-- initial -->
        <test-method signature="basePageNavigation(java.lang.String, java.lang.String)[pri:0, instance:project.LoginPage@327af41b]" started-at="2022-02-10T22:20:40Z" name="basePageNavigation" data-provider="getData2" finished-at="2022-02-10T22:20:40Z" duration-ms="453" status="PASS">
          <params>
            <param index="0">
              <value>
                <![CDATA[locked_out_user]]>
              </value>
            </param>
            <param index="1">
              <value>
                <![CDATA[secret_sauce]]>
              </value>
            </param>
          </params>
          <reporter-output>
          </reporter-output>
        </test-method> <!-- basePageNavigation -->
        <test-method is-config="true" signature="teardown()[pri:0, instance:project.LoginPage@327af41b]" started-at="2022-02-10T22:20:40Z" name="teardown" finished-at="2022-02-10T22:20:40Z" duration-ms="80" status="PASS">
          <reporter-output>
          </reporter-output>
        </test-method> <!-- teardown -->
      </class> <!-- project.LoginPage -->
    </test> <!-- Default test -->
  </suite> <!-- Default suite -->
</testng-results>
